<?xml version="1.0" encoding="UTF-8"?>
<!-- Generated by org.testng.reporters.JUnitReportReporter -->
<testsuite hostname="DESKTOP-GT5VKB2" failures="0" tests="1" name="com.faceBookLoginTest.FacebookLoginTest" time="2.864" errors="0" timestamp="2023-05-07T16:22:52 BDT" skipped="0">
  <testcase classname="com.faceBookLoginTest.FacebookLoginTest" name="LoginTest" time="2.864"/>
  <system-out/>
</testsuite> <!-- com.faceBookLoginTest.FacebookLoginTest -->
